<?xml version="1.0" encoding="UTF-8"?>
<coverage generated="1759358834056" clover="3.2.0">
  <project timestamp="1759358834056" name="All files">
    <metrics statements="37" coveredstatements="36" conditionals="2" coveredconditionals="2" methods="25" coveredmethods="24" elements="64" coveredelements="62" complexity="0" loc="37" ncloc="37" packages="2" files="4" classes="4"/>
    <package name="demo-project.src">
      <metrics statements="34" coveredstatements="33" conditionals="2" coveredconditionals="2" methods="23" coveredmethods="22"/>
      <file name="shoppingCart.js" path="C:\Users\cvct114\Documents\GitHub\week5-lecture-debugging-and-testing\demo-project\src\shoppingCart.js">
        <metrics statements="11" coveredstatements="10" conditionals="0" coveredconditionals="0" methods="10" coveredmethods="9"/>
        <line num="8" count="9" type="stmt"/>
        <line num="16" count="6" type="stmt"/>
        <line num="17" count="6" type="stmt"/>
        <line num="25" count="2" type="stmt"/>
        <line num="26" count="2" type="stmt"/>
        <line num="34" count="3" type="stmt"/>
        <line num="35" count="2" type="stmt"/>
        <line num="43" count="2" type="stmt"/>
        <line num="50" count="0" type="stmt"/>
        <line num="58" count="2" type="stmt"/>
        <line num="62" count="1" type="stmt"/>
      </file>
      <file name="userManager.js" path="C:\Users\cvct114\Documents\GitHub\week5-lecture-debugging-and-testing\demo-project\src\userManager.js">
        <metrics statements="14" coveredstatements="14" conditionals="0" coveredconditionals="0" methods="8" coveredmethods="8"/>
        <line num="6" count="1" type="stmt"/>
        <line num="14" count="8" type="stmt"/>
        <line num="15" count="8" type="stmt"/>
        <line num="16" count="8" type="stmt"/>
        <line num="23" count="5" type="stmt"/>
        <line num="30" count="2" type="stmt"/>
        <line num="32" count="2" type="stmt"/>
        <line num="33" count="1" type="stmt"/>
        <line num="40" count="2" type="stmt"/>
        <line num="42" count="2" type="stmt"/>
        <line num="43" count="2" type="stmt"/>
        <line num="50" count="2" type="stmt"/>
        <line num="57" count="9" type="stmt"/>
        <line num="60" count="1" type="stmt"/>
      </file>
      <file name="utils.js" path="C:\Users\cvct114\Documents\GitHub\week5-lecture-debugging-and-testing\demo-project\src\utils.js">
        <metrics statements="9" coveredstatements="9" conditionals="2" coveredconditionals="2" methods="5" coveredmethods="5"/>
        <line num="14" count="3" type="stmt"/>
        <line num="24" count="3" type="stmt"/>
        <line num="33" count="5" type="stmt"/>
        <line num="34" count="5" type="stmt"/>
        <line num="45" count="1" type="stmt"/>
        <line num="46" count="1" type="stmt"/>
        <line num="55" count="3" type="cond" truecount="2" falsecount="0"/>
        <line num="56" count="2" type="stmt"/>
        <line num="59" count="1" type="stmt"/>
      </file>
    </package>
    <package name="project.src">
      <metrics statements="3" coveredstatements="3" conditionals="0" coveredconditionals="0" methods="2" coveredmethods="2"/>
      <file name="calculator.js" path="C:\Users\cvct114\Documents\GitHub\week5-lecture-debugging-and-testing\project\src\calculator.js">
        <metrics statements="3" coveredstatements="3" conditionals="0" coveredconditionals="0" methods="2" coveredmethods="2"/>
        <line num="2" count="1" type="stmt"/>
        <line num="6" count="1" type="stmt"/>
        <line num="9" count="1" type="stmt"/>
      </file>
    </package>
  </project>
</coverage>
