<?xml version="1.0" encoding="UTF-8"?>
<coverage generated="1759361349730" clover="3.2.0">
  <project timestamp="1759361349730" name="All files">
    <metrics statements="47" coveredstatements="46" conditionals="15" coveredconditionals="15" methods="25" coveredmethods="24" elements="87" coveredelements="85" complexity="0" loc="47" ncloc="47" packages="2" files="4" classes="4"/>
    <package name="demo-project.src">
      <metrics statements="44" coveredstatements="43" conditionals="15" coveredconditionals="15" methods="23" coveredmethods="22"/>
      <file name="shoppingCart.js" path="C:\Users\cvct114\Documents\GitHub\week5-lecture-debugging-and-testing\demo-project\src\shoppingCart.js">
        <metrics statements="13" coveredstatements="12" conditionals="5" coveredconditionals="5" methods="10" coveredmethods="9"/>
        <line num="8" count="9" type="stmt"/>
        <line num="16" count="6" type="cond" truecount="5" falsecount="0"/>
        <line num="17" count="1" type="stmt"/>
        <line num="19" count="5" type="stmt"/>
        <line num="20" count="5" type="stmt"/>
        <line num="28" count="2" type="stmt"/>
        <line num="29" count="2" type="stmt"/>
        <line num="37" count="3" type="stmt"/>
        <line num="38" count="2" type="stmt"/>
        <line num="46" count="2" type="stmt"/>
        <line num="53" count="0" type="stmt"/>
        <line num="61" count="2" type="stmt"/>
        <line num="65" count="1" type="stmt"/>
      </file>
      <file name="userManager.js" path="C:\Users\cvct114\Documents\GitHub\week5-lecture-debugging-and-testing\demo-project\src\userManager.js">
        <metrics statements="18" coveredstatements="18" conditionals="4" coveredconditionals="4" methods="8" coveredmethods="8"/>
        <line num="6" count="1" type="stmt"/>
        <line num="14" count="8" type="cond" truecount="2" falsecount="0"/>
        <line num="15" count="1" type="stmt"/>
        <line num="17" count="7" type="cond" truecount="2" falsecount="0"/>
        <line num="18" count="1" type="stmt"/>
        <line num="20" count="6" type="stmt"/>
        <line num="21" count="6" type="stmt"/>
        <line num="22" count="6" type="stmt"/>
        <line num="29" count="12" type="stmt"/>
        <line num="36" count="2" type="stmt"/>
        <line num="38" count="2" type="stmt"/>
        <line num="39" count="1" type="stmt"/>
        <line num="46" count="2" type="stmt"/>
        <line num="48" count="2" type="stmt"/>
        <line num="49" count="2" type="stmt"/>
        <line num="56" count="2" type="stmt"/>
        <line num="63" count="9" type="stmt"/>
        <line num="66" count="1" type="stmt"/>
      </file>
      <file name="utils.js" path="C:\Users\cvct114\Documents\GitHub\week5-lecture-debugging-and-testing\demo-project\src\utils.js">
        <metrics statements="13" coveredstatements="13" conditionals="6" coveredconditionals="6" methods="5" coveredmethods="5"/>
        <line num="14" count="3" type="cond" truecount="2" falsecount="0"/>
        <line num="15" count="1" type="stmt"/>
        <line num="17" count="2" type="stmt"/>
        <line num="27" count="3" type="cond" truecount="2" falsecount="0"/>
        <line num="28" count="1" type="stmt"/>
        <line num="30" count="2" type="stmt"/>
        <line num="40" count="5" type="stmt"/>
        <line num="41" count="5" type="stmt"/>
        <line num="52" count="2" type="stmt"/>
        <line num="53" count="2" type="stmt"/>
        <line num="62" count="3" type="cond" truecount="2" falsecount="0"/>
        <line num="63" count="2" type="stmt"/>
        <line num="66" count="1" type="stmt"/>
      </file>
    </package>
    <package name="project.src">
      <metrics statements="3" coveredstatements="3" conditionals="0" coveredconditionals="0" methods="2" coveredmethods="2"/>
      <file name="calculator.js" path="C:\Users\cvct114\Documents\GitHub\week5-lecture-debugging-and-testing\project\src\calculator.js">
        <metrics statements="3" coveredstatements="3" conditionals="0" coveredconditionals="0" methods="2" coveredmethods="2"/>
        <line num="2" count="1" type="stmt"/>
        <line num="6" count="1" type="stmt"/>
        <line num="9" count="1" type="stmt"/>
      </file>
    </package>
  </project>
</coverage>
