{"C:\\Users\\cvct114\\Documents\\GitHub\\week5-lecture-debugging-and-testing\\demo-project\\src\\shoppingCart.js": {"path":"C:\\Users\\cvct114\\Documents\\GitHub\\week5-lecture-debugging-and-testing\\demo-project\\src\\shoppingCart.js","statementMap":{"0":{"start":{"line":8,"column":8},"end":{"line":8,"column":24}},"1":{"start":{"line":16,"column":8},"end":{"line":16,"column":30}},"2":{"start":{"line":17,"column":8},"end":{"line":17,"column":50}},"3":{"start":{"line":25,"column":22},"end":{"line":25,"column":70}},"4":{"start":{"line":25,"column":51},"end":{"line":25,"column":69}},"5":{"start":{"line":26,"column":8},"end":{"line":26,"column":36}},"6":{"start":{"line":34,"column":8},"end":{"line":36,"column":14}},"7":{"start":{"line":35,"column":12},"end":{"line":35,"column":38}},"8":{"start":{"line":43,"column":8},"end":{"line":43,"column":33}},"9":{"start":{"line":50,"column":8},"end":{"line":50,"column":24}},"10":{"start":{"line":58,"column":8},"end":{"line":58,"column":59}},"11":{"start":{"line":58,"column":39},"end":{"line":58,"column":57}},"12":{"start":{"line":62,"column":0},"end":{"line":62,"column":30}}},"fnMap":{"0":{"name":"(anonymous_0)","decl":{"start":{"line":7,"column":4},"end":{"line":7,"column":5}},"loc":{"start":{"line":7,"column":18},"end":{"line":9,"column":5}},"line":7},"1":{"name":"(anonymous_1)","decl":{"start":{"line":14,"column":4},"end":{"line":14,"column":5}},"loc":{"start":{"line":14,"column":18},"end":{"line":18,"column":5}},"line":14},"2":{"name":"(anonymous_2)","decl":{"start":{"line":23,"column":4},"end":{"line":23,"column":5}},"loc":{"start":{"line":23,"column":23},"end":{"line":27,"column":5}},"line":23},"3":{"name":"(anonymous_3)","decl":{"start":{"line":25,"column":43},"end":{"line":25,"column":44}},"loc":{"start":{"line":25,"column":51},"end":{"line":25,"column":69}},"line":25},"4":{"name":"(anonymous_4)","decl":{"start":{"line":32,"column":4},"end":{"line":32,"column":5}},"loc":{"start":{"line":32,"column":21},"end":{"line":37,"column":5}},"line":32},"5":{"name":"(anonymous_5)","decl":{"start":{"line":34,"column":33},"end":{"line":34,"column":34}},"loc":{"start":{"line":34,"column":50},"end":{"line":36,"column":9}},"line":34},"6":{"name":"(anonymous_6)","decl":{"start":{"line":42,"column":4},"end":{"line":42,"column":5}},"loc":{"start":{"line":42,"column":19},"end":{"line":44,"column":5}},"line":42},"7":{"name":"(anonymous_7)","decl":{"start":{"line":49,"column":4},"end":{"line":49,"column":5}},"loc":{"start":{"line":49,"column":16},"end":{"line":51,"column":5}},"line":49},"8":{"name":"(anonymous_8)","decl":{"start":{"line":56,"column":4},"end":{"line":56,"column":5}},"loc":{"start":{"line":56,"column":21},"end":{"line":59,"column":5}},"line":56},"9":{"name":"(anonymous_9)","decl":{"start":{"line":58,"column":31},"end":{"line":58,"column":32}},"loc":{"start":{"line":58,"column":39},"end":{"line":58,"column":57}},"line":58}},"branchMap":{},"s":{"0":9,"1":6,"2":6,"3":2,"4":1,"5":2,"6":3,"7":2,"8":2,"9":0,"10":2,"11":1,"12":1},"f":{"0":9,"1":6,"2":2,"3":1,"4":3,"5":2,"6":2,"7":0,"8":2,"9":1},"b":{},"_coverageSchema":"1a1c01bbd47fc00a2c39e90264f33305004495a9","hash":"d36713f92a79aa3b205494eff1ec89128c71fb36"}
,"C:\\Users\\cvct114\\Documents\\GitHub\\week5-lecture-debugging-and-testing\\demo-project\\src\\userManager.js": {"path":"C:\\Users\\cvct114\\Documents\\GitHub\\week5-lecture-debugging-and-testing\\demo-project\\src\\userManager.js","statementMap":{"0":{"start":{"line":6,"column":14},"end":{"line":6,"column":16}},"1":{"start":{"line":14,"column":4},"end":{"line":14,"column":21}},"2":{"start":{"line":15,"column":4},"end":{"line":15,"column":37}},"3":{"start":{"line":16,"column":4},"end":{"line":16,"column":16}},"4":{"start":{"line":23,"column":4},"end":{"line":23,"column":52}},"5":{"start":{"line":23,"column":30},"end":{"line":23,"column":50}},"6":{"start":{"line":30,"column":17},"end":{"line":30,"column":39}},"7":{"start":{"line":32,"column":4},"end":{"line":32,"column":33}},"8":{"start":{"line":33,"column":4},"end":{"line":33,"column":16}},"9":{"start":{"line":40,"column":18},"end":{"line":40,"column":63}},"10":{"start":{"line":40,"column":42},"end":{"line":40,"column":62}},"11":{"start":{"line":42,"column":4},"end":{"line":42,"column":27}},"12":{"start":{"line":43,"column":4},"end":{"line":43,"column":16}},"13":{"start":{"line":50,"column":4},"end":{"line":50,"column":22}},"14":{"start":{"line":57,"column":4},"end":{"line":57,"column":21}},"15":{"start":{"line":60,"column":0},"end":{"line":67,"column":2}}},"fnMap":{"0":{"name":"addUser","decl":{"start":{"line":11,"column":9},"end":{"line":11,"column":16}},"loc":{"start":{"line":11,"column":23},"end":{"line":17,"column":1}},"line":11},"1":{"name":"findUserByEmail","decl":{"start":{"line":22,"column":9},"end":{"line":22,"column":24}},"loc":{"start":{"line":22,"column":32},"end":{"line":24,"column":1}},"line":22},"2":{"name":"(anonymous_2)","decl":{"start":{"line":23,"column":22},"end":{"line":23,"column":23}},"loc":{"start":{"line":23,"column":30},"end":{"line":23,"column":50}},"line":23},"3":{"name":"updateUser","decl":{"start":{"line":29,"column":9},"end":{"line":29,"column":19}},"loc":{"start":{"line":29,"column":36},"end":{"line":34,"column":1}},"line":29},"4":{"name":"deleteUser","decl":{"start":{"line":39,"column":9},"end":{"line":39,"column":19}},"loc":{"start":{"line":39,"column":27},"end":{"line":44,"column":1}},"line":39},"5":{"name":"(anonymous_5)","decl":{"start":{"line":40,"column":34},"end":{"line":40,"column":35}},"loc":{"start":{"line":40,"column":42},"end":{"line":40,"column":62}},"line":40},"6":{"name":"getAllUsers","decl":{"start":{"line":49,"column":9},"end":{"line":49,"column":20}},"loc":{"start":{"line":49,"column":23},"end":{"line":51,"column":1}},"line":49},"7":{"name":"clearUsers","decl":{"start":{"line":56,"column":9},"end":{"line":56,"column":19}},"loc":{"start":{"line":56,"column":22},"end":{"line":58,"column":1}},"line":56}},"branchMap":{},"s":{"0":1,"1":8,"2":8,"3":8,"4":5,"5":3,"6":2,"7":2,"8":1,"9":2,"10":1,"11":2,"12":2,"13":2,"14":9,"15":1},"f":{"0":8,"1":5,"2":3,"3":2,"4":2,"5":1,"6":2,"7":9},"b":{},"_coverageSchema":"1a1c01bbd47fc00a2c39e90264f33305004495a9","hash":"185525923eeefca9ecde3d7756629095912159d4"}
,"C:\\Users\\cvct114\\Documents\\GitHub\\week5-lecture-debugging-and-testing\\demo-project\\src\\utils.js": {"path":"C:\\Users\\cvct114\\Documents\\GitHub\\week5-lecture-debugging-and-testing\\demo-project\\src\\utils.js","statementMap":{"0":{"start":{"line":14,"column":4},"end":{"line":14,"column":33}},"1":{"start":{"line":24,"column":4},"end":{"line":24,"column":35}},"2":{"start":{"line":33,"column":23},"end":{"line":33,"column":51}},"3":{"start":{"line":34,"column":4},"end":{"line":34,"column":34}},"4":{"start":{"line":45,"column":21},"end":{"line":45,"column":52}},"5":{"start":{"line":46,"column":4},"end":{"line":46,"column":20}},"6":{"start":{"line":55,"column":4},"end":{"line":55,"column":24}},"7":{"start":{"line":55,"column":14},"end":{"line":55,"column":24}},"8":{"start":{"line":56,"column":4},"end":{"line":56,"column":54}},"9":{"start":{"line":59,"column":0},"end":{"line":65,"column":2}}},"fnMap":{"0":{"name":"calculatePercentage","decl":{"start":{"line":12,"column":9},"end":{"line":12,"column":28}},"loc":{"start":{"line":12,"column":43},"end":{"line":15,"column":1}},"line":12},"1":{"name":"formatCurrency","decl":{"start":{"line":22,"column":9},"end":{"line":22,"column":23}},"loc":{"start":{"line":22,"column":32},"end":{"line":25,"column":1}},"line":22},"2":{"name":"validateEmail","decl":{"start":{"line":32,"column":9},"end":{"line":32,"column":22}},"loc":{"start":{"line":32,"column":30},"end":{"line":35,"column":1}},"line":32},"3":{"name":"getDiscountPrice","decl":{"start":{"line":43,"column":9},"end":{"line":43,"column":25}},"loc":{"start":{"line":43,"column":50},"end":{"line":47,"column":1}},"line":43},"4":{"name":"capitalizeFirst","decl":{"start":{"line":54,"column":9},"end":{"line":54,"column":24}},"loc":{"start":{"line":54,"column":30},"end":{"line":57,"column":1}},"line":54}},"branchMap":{"0":{"loc":{"start":{"line":55,"column":4},"end":{"line":55,"column":24}},"type":"if","locations":[{"start":{"line":55,"column":4},"end":{"line":55,"column":24}},{"start":{},"end":{}}],"line":55}},"s":{"0":3,"1":3,"2":5,"3":5,"4":1,"5":1,"6":3,"7":1,"8":2,"9":1},"f":{"0":3,"1":3,"2":5,"3":1,"4":3},"b":{"0":[1,2]},"_coverageSchema":"1a1c01bbd47fc00a2c39e90264f33305004495a9","hash":"460148c0a079ed6f1063751122eeaefbe37f930c"}
,"C:\\Users\\cvct114\\Documents\\GitHub\\week5-lecture-debugging-and-testing\\project\\src\\calculator.js": {"path":"C:\\Users\\cvct114\\Documents\\GitHub\\week5-lecture-debugging-and-testing\\project\\src\\calculator.js","statementMap":{"0":{"start":{"line":2,"column":4},"end":{"line":2,"column":17}},"1":{"start":{"line":6,"column":4},"end":{"line":6,"column":17}},"2":{"start":{"line":9,"column":0},"end":{"line":9,"column":35}}},"fnMap":{"0":{"name":"add","decl":{"start":{"line":1,"column":9},"end":{"line":1,"column":12}},"loc":{"start":{"line":1,"column":19},"end":{"line":3,"column":1}},"line":1},"1":{"name":"subtract","decl":{"start":{"line":5,"column":9},"end":{"line":5,"column":17}},"loc":{"start":{"line":5,"column":24},"end":{"line":7,"column":1}},"line":5}},"branchMap":{},"s":{"0":1,"1":1,"2":1},"f":{"0":1,"1":1},"b":{},"_coverageSchema":"1a1c01bbd47fc00a2c39e90264f33305004495a9","hash":"976705127a58bdb2566173031a476668514088b0"}
}
