{"C:\\Users\\cvct114\\Documents\\GitHub\\week5-lecture-debugging-and-testing\\demo-project\\src\\shoppingCart.js": {"path":"C:\\Users\\cvct114\\Documents\\GitHub\\week5-lecture-debugging-and-testing\\demo-project\\src\\shoppingCart.js","statementMap":{"0":{"start":{"line":8,"column":8},"end":{"line":8,"column":24}},"1":{"start":{"line":16,"column":8},"end":{"line":18,"column":9}},"2":{"start":{"line":17,"column":12},"end":{"line":17,"column":75}},"3":{"start":{"line":19,"column":8},"end":{"line":19,"column":30}},"4":{"start":{"line":20,"column":8},"end":{"line":20,"column":50}},"5":{"start":{"line":28,"column":22},"end":{"line":28,"column":70}},"6":{"start":{"line":28,"column":51},"end":{"line":28,"column":69}},"7":{"start":{"line":29,"column":8},"end":{"line":29,"column":36}},"8":{"start":{"line":37,"column":8},"end":{"line":39,"column":14}},"9":{"start":{"line":38,"column":12},"end":{"line":38,"column":52}},"10":{"start":{"line":46,"column":8},"end":{"line":46,"column":33}},"11":{"start":{"line":53,"column":8},"end":{"line":53,"column":24}},"12":{"start":{"line":61,"column":8},"end":{"line":61,"column":59}},"13":{"start":{"line":61,"column":39},"end":{"line":61,"column":57}},"14":{"start":{"line":65,"column":0},"end":{"line":65,"column":30}}},"fnMap":{"0":{"name":"(anonymous_0)","decl":{"start":{"line":7,"column":4},"end":{"line":7,"column":5}},"loc":{"start":{"line":7,"column":18},"end":{"line":9,"column":5}},"line":7},"1":{"name":"(anonymous_1)","decl":{"start":{"line":14,"column":4},"end":{"line":14,"column":5}},"loc":{"start":{"line":14,"column":18},"end":{"line":21,"column":5}},"line":14},"2":{"name":"(anonymous_2)","decl":{"start":{"line":26,"column":4},"end":{"line":26,"column":5}},"loc":{"start":{"line":26,"column":23},"end":{"line":30,"column":5}},"line":26},"3":{"name":"(anonymous_3)","decl":{"start":{"line":28,"column":43},"end":{"line":28,"column":44}},"loc":{"start":{"line":28,"column":51},"end":{"line":28,"column":69}},"line":28},"4":{"name":"(anonymous_4)","decl":{"start":{"line":35,"column":4},"end":{"line":35,"column":5}},"loc":{"start":{"line":35,"column":21},"end":{"line":40,"column":5}},"line":35},"5":{"name":"(anonymous_5)","decl":{"start":{"line":37,"column":33},"end":{"line":37,"column":34}},"loc":{"start":{"line":37,"column":50},"end":{"line":39,"column":9}},"line":37},"6":{"name":"(anonymous_6)","decl":{"start":{"line":45,"column":4},"end":{"line":45,"column":5}},"loc":{"start":{"line":45,"column":19},"end":{"line":47,"column":5}},"line":45},"7":{"name":"(anonymous_7)","decl":{"start":{"line":52,"column":4},"end":{"line":52,"column":5}},"loc":{"start":{"line":52,"column":16},"end":{"line":54,"column":5}},"line":52},"8":{"name":"(anonymous_8)","decl":{"start":{"line":59,"column":4},"end":{"line":59,"column":5}},"loc":{"start":{"line":59,"column":21},"end":{"line":62,"column":5}},"line":59},"9":{"name":"(anonymous_9)","decl":{"start":{"line":61,"column":31},"end":{"line":61,"column":32}},"loc":{"start":{"line":61,"column":39},"end":{"line":61,"column":57}},"line":61}},"branchMap":{"0":{"loc":{"start":{"line":16,"column":8},"end":{"line":18,"column":9}},"type":"if","locations":[{"start":{"line":16,"column":8},"end":{"line":18,"column":9}},{"start":{},"end":{}}],"line":16},"1":{"loc":{"start":{"line":16,"column":12},"end":{"line":16,"column":49}},"type":"binary-expr","locations":[{"start":{"line":16,"column":12},"end":{"line":16,"column":22}},{"start":{"line":16,"column":26},"end":{"line":16,"column":37}},{"start":{"line":16,"column":41},"end":{"line":16,"column":49}}],"line":16}},"s":{"0":9,"1":6,"2":1,"3":5,"4":5,"5":2,"6":1,"7":2,"8":3,"9":2,"10":2,"11":0,"12":2,"13":1,"14":1},"f":{"0":9,"1":6,"2":2,"3":1,"4":3,"5":2,"6":2,"7":0,"8":2,"9":1},"b":{"0":[1,5],"1":[6,5,5]},"_coverageSchema":"1a1c01bbd47fc00a2c39e90264f33305004495a9","hash":"305825cc2efc810ac9581cf14499b7b3f5c12df3"}
,"C:\\Users\\cvct114\\Documents\\GitHub\\week5-lecture-debugging-and-testing\\demo-project\\src\\userManager.js": {"path":"C:\\Users\\cvct114\\Documents\\GitHub\\week5-lecture-debugging-and-testing\\demo-project\\src\\userManager.js","statementMap":{"0":{"start":{"line":6,"column":14},"end":{"line":6,"column":16}},"1":{"start":{"line":14,"column":4},"end":{"line":16,"column":5}},"2":{"start":{"line":15,"column":8},"end":{"line":15,"column":45}},"3":{"start":{"line":17,"column":4},"end":{"line":19,"column":5}},"4":{"start":{"line":18,"column":8},"end":{"line":18,"column":63}},"5":{"start":{"line":20,"column":4},"end":{"line":20,"column":21}},"6":{"start":{"line":21,"column":4},"end":{"line":21,"column":37}},"7":{"start":{"line":22,"column":4},"end":{"line":22,"column":16}},"8":{"start":{"line":29,"column":4},"end":{"line":29,"column":52}},"9":{"start":{"line":29,"column":30},"end":{"line":29,"column":50}},"10":{"start":{"line":36,"column":17},"end":{"line":36,"column":39}},"11":{"start":{"line":38,"column":4},"end":{"line":38,"column":33}},"12":{"start":{"line":39,"column":4},"end":{"line":39,"column":16}},"13":{"start":{"line":46,"column":18},"end":{"line":46,"column":63}},"14":{"start":{"line":46,"column":42},"end":{"line":46,"column":62}},"15":{"start":{"line":48,"column":4},"end":{"line":48,"column":27}},"16":{"start":{"line":49,"column":4},"end":{"line":49,"column":16}},"17":{"start":{"line":56,"column":4},"end":{"line":56,"column":22}},"18":{"start":{"line":63,"column":4},"end":{"line":63,"column":21}},"19":{"start":{"line":66,"column":0},"end":{"line":73,"column":2}}},"fnMap":{"0":{"name":"addUser","decl":{"start":{"line":11,"column":9},"end":{"line":11,"column":16}},"loc":{"start":{"line":11,"column":23},"end":{"line":23,"column":1}},"line":11},"1":{"name":"findUserByEmail","decl":{"start":{"line":28,"column":9},"end":{"line":28,"column":24}},"loc":{"start":{"line":28,"column":32},"end":{"line":30,"column":1}},"line":28},"2":{"name":"(anonymous_2)","decl":{"start":{"line":29,"column":22},"end":{"line":29,"column":23}},"loc":{"start":{"line":29,"column":30},"end":{"line":29,"column":50}},"line":29},"3":{"name":"updateUser","decl":{"start":{"line":35,"column":9},"end":{"line":35,"column":19}},"loc":{"start":{"line":35,"column":36},"end":{"line":40,"column":1}},"line":35},"4":{"name":"deleteUser","decl":{"start":{"line":45,"column":9},"end":{"line":45,"column":19}},"loc":{"start":{"line":45,"column":27},"end":{"line":50,"column":1}},"line":45},"5":{"name":"(anonymous_5)","decl":{"start":{"line":46,"column":34},"end":{"line":46,"column":35}},"loc":{"start":{"line":46,"column":42},"end":{"line":46,"column":62}},"line":46},"6":{"name":"getAllUsers","decl":{"start":{"line":55,"column":9},"end":{"line":55,"column":20}},"loc":{"start":{"line":55,"column":23},"end":{"line":57,"column":1}},"line":55},"7":{"name":"clearUsers","decl":{"start":{"line":62,"column":9},"end":{"line":62,"column":19}},"loc":{"start":{"line":62,"column":22},"end":{"line":64,"column":1}},"line":62}},"branchMap":{"0":{"loc":{"start":{"line":14,"column":4},"end":{"line":16,"column":5}},"type":"if","locations":[{"start":{"line":14,"column":4},"end":{"line":16,"column":5}},{"start":{},"end":{}}],"line":14},"1":{"loc":{"start":{"line":17,"column":4},"end":{"line":19,"column":5}},"type":"if","locations":[{"start":{"line":17,"column":4},"end":{"line":19,"column":5}},{"start":{},"end":{}}],"line":17}},"s":{"0":1,"1":8,"2":1,"3":7,"4":1,"5":6,"6":6,"7":6,"8":12,"9":5,"10":2,"11":2,"12":1,"13":2,"14":1,"15":2,"16":2,"17":2,"18":9,"19":1},"f":{"0":8,"1":12,"2":5,"3":2,"4":2,"5":1,"6":2,"7":9},"b":{"0":[1,7],"1":[1,6]},"_coverageSchema":"1a1c01bbd47fc00a2c39e90264f33305004495a9","hash":"86b114fc435cd7bfb12e252bbe551718712cbd52"}
,"C:\\Users\\cvct114\\Documents\\GitHub\\week5-lecture-debugging-and-testing\\demo-project\\src\\utils.js": {"path":"C:\\Users\\cvct114\\Documents\\GitHub\\week5-lecture-debugging-and-testing\\demo-project\\src\\utils.js","statementMap":{"0":{"start":{"line":14,"column":2},"end":{"line":16,"column":3}},"1":{"start":{"line":15,"column":4},"end":{"line":15,"column":45}},"2":{"start":{"line":17,"column":2},"end":{"line":17,"column":31}},"3":{"start":{"line":27,"column":2},"end":{"line":31,"column":3}},"4":{"start":{"line":28,"column":4},"end":{"line":28,"column":46}},"5":{"start":{"line":30,"column":4},"end":{"line":30,"column":35}},"6":{"start":{"line":40,"column":21},"end":{"line":40,"column":49}},"7":{"start":{"line":41,"column":2},"end":{"line":41,"column":32}},"8":{"start":{"line":52,"column":19},"end":{"line":52,"column":50}},"9":{"start":{"line":53,"column":2},"end":{"line":53,"column":26}},"10":{"start":{"line":62,"column":2},"end":{"line":62,"column":22}},"11":{"start":{"line":62,"column":12},"end":{"line":62,"column":22}},"12":{"start":{"line":63,"column":2},"end":{"line":63,"column":52}},"13":{"start":{"line":66,"column":0},"end":{"line":72,"column":2}}},"fnMap":{"0":{"name":"calculatePercentage","decl":{"start":{"line":12,"column":9},"end":{"line":12,"column":28}},"loc":{"start":{"line":12,"column":43},"end":{"line":18,"column":1}},"line":12},"1":{"name":"formatCurrency","decl":{"start":{"line":25,"column":9},"end":{"line":25,"column":23}},"loc":{"start":{"line":25,"column":32},"end":{"line":32,"column":1}},"line":25},"2":{"name":"validateEmail","decl":{"start":{"line":39,"column":9},"end":{"line":39,"column":22}},"loc":{"start":{"line":39,"column":30},"end":{"line":42,"column":1}},"line":39},"3":{"name":"getDiscountPrice","decl":{"start":{"line":50,"column":9},"end":{"line":50,"column":25}},"loc":{"start":{"line":50,"column":50},"end":{"line":54,"column":1}},"line":50},"4":{"name":"capitalizeFirst","decl":{"start":{"line":61,"column":9},"end":{"line":61,"column":24}},"loc":{"start":{"line":61,"column":30},"end":{"line":64,"column":1}},"line":61}},"branchMap":{"0":{"loc":{"start":{"line":14,"column":2},"end":{"line":16,"column":3}},"type":"if","locations":[{"start":{"line":14,"column":2},"end":{"line":16,"column":3}},{"start":{},"end":{}}],"line":14},"1":{"loc":{"start":{"line":27,"column":2},"end":{"line":31,"column":3}},"type":"if","locations":[{"start":{"line":27,"column":2},"end":{"line":31,"column":3}},{"start":{"line":29,"column":9},"end":{"line":31,"column":3}}],"line":27},"2":{"loc":{"start":{"line":62,"column":2},"end":{"line":62,"column":22}},"type":"if","locations":[{"start":{"line":62,"column":2},"end":{"line":62,"column":22}},{"start":{},"end":{}}],"line":62}},"s":{"0":3,"1":1,"2":2,"3":3,"4":1,"5":2,"6":5,"7":5,"8":2,"9":2,"10":3,"11":1,"12":2,"13":1},"f":{"0":3,"1":3,"2":5,"3":2,"4":3},"b":{"0":[1,2],"1":[1,2],"2":[1,2]},"_coverageSchema":"1a1c01bbd47fc00a2c39e90264f33305004495a9","hash":"598c357ce08d522bb1a4edbed26f59e5c89c38c5"}
,"C:\\Users\\cvct114\\Documents\\GitHub\\week5-lecture-debugging-and-testing\\project\\src\\calculator.js": {"path":"C:\\Users\\cvct114\\Documents\\GitHub\\week5-lecture-debugging-and-testing\\project\\src\\calculator.js","statementMap":{"0":{"start":{"line":2,"column":4},"end":{"line":2,"column":17}},"1":{"start":{"line":6,"column":4},"end":{"line":6,"column":17}},"2":{"start":{"line":9,"column":0},"end":{"line":9,"column":35}}},"fnMap":{"0":{"name":"add","decl":{"start":{"line":1,"column":9},"end":{"line":1,"column":12}},"loc":{"start":{"line":1,"column":19},"end":{"line":3,"column":1}},"line":1},"1":{"name":"subtract","decl":{"start":{"line":5,"column":9},"end":{"line":5,"column":17}},"loc":{"start":{"line":5,"column":24},"end":{"line":7,"column":1}},"line":5}},"branchMap":{},"s":{"0":1,"1":1,"2":1},"f":{"0":1,"1":1},"b":{},"_coverageSchema":"1a1c01bbd47fc00a2c39e90264f33305004495a9","hash":"976705127a58bdb2566173031a476668514088b0"}
}
