TN:
SF:demo-project\src\shoppingCart.js
FN:7,(anonymous_0)
FN:14,(anonymous_1)
FN:26,(anonymous_2)
FN:28,(anonymous_3)
FN:35,(anonymous_4)
FN:37,(anonymous_5)
FN:45,(anonymous_6)
FN:52,(anonymous_7)
FN:59,(anonymous_8)
FN:61,(anonymous_9)
FNF:10
FNH:9
FNDA:9,(anonymous_0)
FNDA:6,(anonymous_1)
FNDA:2,(anonymous_2)
FNDA:1,(anonymous_3)
FNDA:3,(anonymous_4)
FNDA:2,(anonymous_5)
FNDA:2,(anonymous_6)
FNDA:0,(anonymous_7)
FNDA:2,(anonymous_8)
FNDA:1,(anonymous_9)
DA:8,9
DA:16,6
DA:17,1
DA:19,5
DA:20,5
DA:28,2
DA:29,2
DA:37,3
DA:38,2
DA:46,2
DA:53,0
DA:61,2
DA:65,1
LF:13
LH:12
BRDA:16,0,0,1
BRDA:16,0,1,5
BRDA:16,1,0,6
BRDA:16,1,1,5
BRDA:16,1,2,5
BRF:5
BRH:5
end_of_record
TN:
SF:demo-project\src\userManager.js
FN:11,addUser
FN:28,findUserByEmail
FN:29,(anonymous_2)
FN:35,updateUser
FN:45,deleteUser
FN:46,(anonymous_5)
FN:55,getAllUsers
FN:62,clearUsers
FNF:8
FNH:8
FNDA:8,addUser
FNDA:12,findUserByEmail
FNDA:5,(anonymous_2)
FNDA:2,updateUser
FNDA:2,deleteUser
FNDA:1,(anonymous_5)
FNDA:2,getAllUsers
FNDA:9,clearUsers
DA:6,1
DA:14,8
DA:15,1
DA:17,7
DA:18,1
DA:20,6
DA:21,6
DA:22,6
DA:29,12
DA:36,2
DA:38,2
DA:39,1
DA:46,2
DA:48,2
DA:49,2
DA:56,2
DA:63,9
DA:66,1
LF:18
LH:18
BRDA:14,0,0,1
BRDA:14,0,1,7
BRDA:17,1,0,1
BRDA:17,1,1,6
BRF:4
BRH:4
end_of_record
TN:
SF:demo-project\src\utils.js
FN:12,calculatePercentage
FN:25,formatCurrency
FN:39,validateEmail
FN:50,getDiscountPrice
FN:61,capitalizeFirst
FNF:5
FNH:5
FNDA:3,calculatePercentage
FNDA:3,formatCurrency
FNDA:5,validateEmail
FNDA:2,getDiscountPrice
FNDA:3,capitalizeFirst
DA:14,3
DA:15,1
DA:17,2
DA:27,3
DA:28,1
DA:30,2
DA:40,5
DA:41,5
DA:52,2
DA:53,2
DA:62,3
DA:63,2
DA:66,1
LF:13
LH:13
BRDA:14,0,0,1
BRDA:14,0,1,2
BRDA:27,1,0,1
BRDA:27,1,1,2
BRDA:62,2,0,1
BRDA:62,2,1,2
BRF:6
BRH:6
end_of_record
TN:
SF:project\src\calculator.js
FN:1,add
FN:5,subtract
FNF:2
FNH:2
FNDA:1,add
FNDA:1,subtract
DA:2,1
DA:6,1
DA:9,1
LF:3
LH:3
BRF:0
BRH:0
end_of_record
