TN:
SF:demo-project\src\shoppingCart.js
FN:7,(anonymous_0)
FN:14,(anonymous_1)
FN:23,(anonymous_2)
FN:25,(anonymous_3)
FN:32,(anonymous_4)
FN:34,(anonymous_5)
FN:42,(anonymous_6)
FN:49,(anonymous_7)
FN:56,(anonymous_8)
FN:58,(anonymous_9)
FNF:10
FNH:9
FNDA:9,(anonymous_0)
FNDA:6,(anonymous_1)
FNDA:2,(anonymous_2)
FNDA:1,(anonymous_3)
FNDA:3,(anonymous_4)
FNDA:2,(anonymous_5)
FNDA:2,(anonymous_6)
FNDA:0,(anonymous_7)
FNDA:2,(anonymous_8)
FNDA:1,(anonymous_9)
DA:8,9
DA:16,6
DA:17,6
DA:25,2
DA:26,2
DA:34,3
DA:35,2
DA:43,2
DA:50,0
DA:58,2
DA:62,1
LF:11
LH:10
BRF:0
BRH:0
end_of_record
TN:
SF:demo-project\src\userManager.js
FN:11,addUser
FN:22,findUserByEmail
FN:23,(anonymous_2)
FN:29,updateUser
FN:39,deleteUser
FN:40,(anonymous_5)
FN:49,getAllUsers
FN:56,clearUsers
FNF:8
FNH:8
FNDA:8,addUser
FNDA:5,findUserByEmail
FNDA:3,(anonymous_2)
FNDA:2,updateUser
FNDA:2,deleteUser
FNDA:1,(anonymous_5)
FNDA:2,getAllUsers
FNDA:9,clearUsers
DA:6,1
DA:14,8
DA:15,8
DA:16,8
DA:23,5
DA:30,2
DA:32,2
DA:33,1
DA:40,2
DA:42,2
DA:43,2
DA:50,2
DA:57,9
DA:60,1
LF:14
LH:14
BRF:0
BRH:0
end_of_record
TN:
SF:demo-project\src\utils.js
FN:12,calculatePercentage
FN:22,formatCurrency
FN:32,validateEmail
FN:43,getDiscountPrice
FN:54,capitalizeFirst
FNF:5
FNH:5
FNDA:3,calculatePercentage
FNDA:3,formatCurrency
FNDA:5,validateEmail
FNDA:1,getDiscountPrice
FNDA:3,capitalizeFirst
DA:14,3
DA:24,3
DA:33,5
DA:34,5
DA:45,1
DA:46,1
DA:55,3
DA:56,2
DA:59,1
LF:9
LH:9
BRDA:55,0,0,1
BRDA:55,0,1,2
BRF:2
BRH:2
end_of_record
TN:
SF:project\src\calculator.js
FN:1,add
FN:5,subtract
FNF:2
FNH:2
FNDA:1,add
FNDA:1,subtract
DA:2,1
DA:6,1
DA:9,1
LF:3
LH:3
BRF:0
BRH:0
end_of_record
